<?xml version="1.0" encoding="UTF-8"?>
<!-- Generated by org.testng.reporters.JUnitXMLReporter -->
<testsuite hostname="LAPTOP-9MQU4I3H" failures="2" tests="2" name="Test" time="9.918" errors="0" timestamp="15 Mar 2024 18:42:49 GMT">
  <testcase classname="com.hrms.testscript.TC001" name="tc001" time="7.335">
    <failure type="org.openqa.selenium.remote.NoSuchDriverException" message="msedgedriver located at C:\WINDOWS\system32\config\systemprofile\.cache\selenium\msedgedriver\win64\122.0.2365.92\msedgedriver.exe, but invalid
For documentation on this error, please visit: https://www.selenium.dev/documentation/webdriver/troubleshooting/errors/driver_location/
Build info: version: &amp;apos;4.10.0&amp;apos;, revision: &amp;apos;c14d967899&amp;apos;
System info: os.name: &amp;apos;Windows 11&amp;apos;, os.arch: &amp;apos;amd64&amp;apos;, os.version: &amp;apos;10.0&amp;apos;, java.version: &amp;apos;20.0.1&amp;apos;
Driver info: driver.version: EdgeDriver">
      <![CDATA[org.openqa.selenium.remote.NoSuchDriverException: msedgedriver located at C:\WINDOWS\system32\config\systemprofile\.cache\selenium\msedgedriver\win64\122.0.2365.92\msedgedriver.exe, but invalid
For documentation on this error, please visit: https://www.selenium.dev/documentation/webdriver/troubleshooting/errors/driver_location/
Build info: version: '4.10.0', revision: 'c14d967899'
System info: os.name: 'Windows 11', os.arch: 'amd64', os.version: '10.0', java.version: '20.0.1'
Driver info: driver.version: EdgeDriver
	at org.openqa.selenium.remote.service.DriverFinder.getPath(DriverFinder.java:45)
	at org.openqa.selenium.edge.EdgeDriver.generateExecutor(EdgeDriver.java:70)
	at org.openqa.selenium.edge.EdgeDriver.<init>(EdgeDriver.java:59)
	at org.openqa.selenium.edge.EdgeDriver.<init>(EdgeDriver.java:55)
	at org.openqa.selenium.edge.EdgeDriver.<init>(EdgeDriver.java:47)
	at org.openqa.selenium.edge.EdgeDriver.<init>(EdgeDriver.java:43)
	at com.hrms.lib.General.openApplication(General.java:10)
	at com.hrms.testscript.TC001.tc001(TC001.java:16)
... Removed 21 stack frames]]>
    </failure>
  </testcase> <!-- tc001 -->
  <testcase classname="com.hrms.testscript.TC002" name="tc002" time="2.533">
    <failure type="org.openqa.selenium.remote.NoSuchDriverException" message="msedgedriver located at C:\WINDOWS\system32\config\systemprofile\.cache\selenium\msedgedriver\win64\122.0.2365.92\msedgedriver.exe, but invalid
For documentation on this error, please visit: https://www.selenium.dev/documentation/webdriver/troubleshooting/errors/driver_location/
Build info: version: &amp;apos;4.10.0&amp;apos;, revision: &amp;apos;c14d967899&amp;apos;
System info: os.name: &amp;apos;Windows 11&amp;apos;, os.arch: &amp;apos;amd64&amp;apos;, os.version: &amp;apos;10.0&amp;apos;, java.version: &amp;apos;20.0.1&amp;apos;
Driver info: driver.version: EdgeDriver">
      <![CDATA[org.openqa.selenium.remote.NoSuchDriverException: msedgedriver located at C:\WINDOWS\system32\config\systemprofile\.cache\selenium\msedgedriver\win64\122.0.2365.92\msedgedriver.exe, but invalid
For documentation on this error, please visit: https://www.selenium.dev/documentation/webdriver/troubleshooting/errors/driver_location/
Build info: version: '4.10.0', revision: 'c14d967899'
System info: os.name: 'Windows 11', os.arch: 'amd64', os.version: '10.0', java.version: '20.0.1'
Driver info: driver.version: EdgeDriver
	at org.openqa.selenium.remote.service.DriverFinder.getPath(DriverFinder.java:45)
	at org.openqa.selenium.edge.EdgeDriver.generateExecutor(EdgeDriver.java:70)
	at org.openqa.selenium.edge.EdgeDriver.<init>(EdgeDriver.java:59)
	at org.openqa.selenium.edge.EdgeDriver.<init>(EdgeDriver.java:55)
	at org.openqa.selenium.edge.EdgeDriver.<init>(EdgeDriver.java:47)
	at org.openqa.selenium.edge.EdgeDriver.<init>(EdgeDriver.java:43)
	at com.hrms.lib.General.openApplication(General.java:10)
	at com.hrms.testscript.TC002.tc002(TC002.java:15)
... Removed 21 stack frames]]>
    </failure>
  </testcase> <!-- tc002 -->
</testsuite> <!-- Test -->
